The system is: Windows - 10.0.19043 - AMD64
Compiling the CXX compiler identification source file "CMakeCXXCompilerId.cpp" succeeded.
Compiler:  
Build flags: 
Id flags:  

The output was:
0
Microsoft (R) Build Engine 17.2.1+52cd2da31 dla platformy .NET Framework
Copyright (C) Microsoft Corporation. Wszelkie prawa zastrzeżone.

Kompilacja rozpoczęła się 07.09.2022 13:51:11.
Projekt „C:\Users\PC\source\repos\openvdb\CMakeFiles\3.24.0\CompilerIdCXX\CompilerIdCXX.vcxproj” w węźle 1 (domyślne elementy docelowe).
PrepareForBuild:
  Tworzenie katalogu „Debug\”.
  Tworzenie katalogu „Debug\CompilerIdCXX.tlog\”.
InitializeBuildStatus:
  Trwa tworzenie „Debug\CompilerIdCXX.tlog\unsuccessfulbuild”, ponieważ określono "AlwaysCreate".
VcpkgTripletSelection:
  Using triplet "x64-windows" from "C:\Users\PC\source\repos\vcpkg\installed\x64-windows\"
ClCompile:
  C:\Program Files\Microsoft Visual Studio\2022\Community\VC\Tools\MSVC\14.32.31326\bin\HostX64\x64\CL.exe /c /I"C:\Users\PC\source\repos\vcpkg\installed\x64-windows\include" /nologo /W0 /WX- /diagnostics:column /Od /D _MBCS /Gm- /EHsc /RTC1 /MDd /GS /fp:precise /Zc:wchar_t /Zc:forScope /Zc:inline /Fo"Debug\\" /Fd"Debug\vc143.pdb" /external:W0 /Gd /TP /FC /errorReport:queue CMakeCXXCompilerId.cpp
  CMakeCXXCompilerId.cpp
Link:
  C:\Program Files\Microsoft Visual Studio\2022\Community\VC\Tools\MSVC\14.32.31326\bin\HostX64\x64\link.exe /ERRORREPORT:QUEUE /OUT:".\CompilerIdCXX.exe" /INCREMENTAL:NO /NOLOGO /LIBPATH:"C:\Users\PC\source\repos\vcpkg\installed\x64-windows\debug\lib" /LIBPATH:"C:\Users\PC\source\repos\vcpkg\installed\x64-windows\debug\lib\manual-link" kernel32.lib user32.lib gdi32.lib winspool.lib comdlg32.lib advapi32.lib shell32.lib ole32.lib oleaut32.lib uuid.lib odbc32.lib odbccp32.lib "C:\Users\PC\source\repos\vcpkg\installed\x64-windows\debug\lib\*.lib" /MANIFEST /MANIFESTUAC:"level='asInvoker' uiAccess='false'" /manifest:embed /PDB:".\CompilerIdCXX.pdb" /SUBSYSTEM:CONSOLE /TLBID:1 /DYNAMICBASE /NXCOMPAT /IMPLIB:".\CompilerIdCXX.lib" /MACHINE:X64 Debug\CMakeCXXCompilerId.obj
  CompilerIdCXX.vcxproj -> C:\Users\PC\source\repos\openvdb\CMakeFiles\3.24.0\CompilerIdCXX\CompilerIdCXX.exe
AppLocalFromInstalled:
  pwsh.exe -ExecutionPolicy Bypass -noprofile -File "C:\Users\PC\source\repos\vcpkg\scripts\buildsystems\msbuild\applocal.ps1" "C:\Users\PC\source\repos\openvdb\CMakeFiles\3.24.0\CompilerIdCXX\CompilerIdCXX.exe" "C:\Users\PC\source\repos\vcpkg\installed\x64-windows\debug\bin" "Debug\CompilerIdCXX.tlog\CompilerIdCXX.write.1u.tlog" "Debug\vcpkg.applocal.log"
  'pwsh.exe' is not recognized as an internal or external command,
  operable program or batch file.
  Polecenie „pwsh.exe -ExecutionPolicy Bypass -noprofile -File "C:\Users\PC\source\repos\vcpkg\scripts\buildsystems\msbuild\applocal.ps1" "C:\Users\PC\source\repos\openvdb\CMakeFiles\3.24.0\CompilerIdCXX\CompilerIdCXX.exe" "C:\Users\PC\source\repos\vcpkg\installed\x64-windows\debug\bin" "Debug\CompilerIdCXX.tlog\CompilerIdCXX.write.1u.tlog" "Debug\vcpkg.applocal.log"” zostało zakończone przez kod 9009.
  "C:\Windows\System32\WindowsPowerShell\v1.0\powershell.exe" -ExecutionPolicy Bypass -noprofile -File "C:\Users\PC\source\repos\vcpkg\scripts\buildsystems\msbuild\applocal.ps1" "C:\Users\PC\source\repos\openvdb\CMakeFiles\3.24.0\CompilerIdCXX\CompilerIdCXX.exe" "C:\Users\PC\source\repos\vcpkg\installed\x64-windows\debug\bin" "Debug\CompilerIdCXX.tlog\CompilerIdCXX.write.1u.tlog" "Debug\vcpkg.applocal.log"
PostBuildEvent:
  for %%i in (cl.exe) do @echo CMAKE_CXX_COMPILER=%%~$PATH:i
  :VCEnd
  CMAKE_CXX_COMPILER=C:\Program Files\Microsoft Visual Studio\2022\Community\VC\Tools\MSVC\14.32.31326\bin\Hostx64\x64\cl.exe
FinalizeBuildStatus:
  Usuwanie pliku „Debug\CompilerIdCXX.tlog\unsuccessfulbuild”.
  Modyfikowanie „Debug\CompilerIdCXX.tlog\CompilerIdCXX.lastbuildstate”.
Kompilowanie projektu „C:\Users\PC\source\repos\openvdb\CMakeFiles\3.24.0\CompilerIdCXX\CompilerIdCXX.vcxproj” wykonane (domyślne elementy docelowe).

Kompilacja powiodła się.
    Ostrzeżenia: 0
    Liczba błędów: 0

Czas, który upłynął: 00:00:01.24


Compilation of the CXX compiler identification source "CMakeCXXCompilerId.cpp" produced "CompilerIdCXX.exe"

Compilation of the CXX compiler identification source "CMakeCXXCompilerId.cpp" produced "CompilerIdCXX.vcxproj"

The CXX compiler identification is MSVC, found in "C:/Users/PC/source/repos/openvdb/CMakeFiles/3.24.0/CompilerIdCXX/CompilerIdCXX.exe"

Detecting CXX compiler ABI info compiled with the following output:
Change Dir: C:/Users/PC/source/repos/openvdb/CMakeFiles/CMakeTmp

Run Build Command(s):C:/Program Files/Microsoft Visual Studio/2022/Community/MSBuild/Current/Bin/amd64/MSBuild.exe cmTC_a2eef.vcxproj /p:Configuration=Debug /p:Platform=x64 /p:VisualStudioVersion=17.0 /v:m && Microsoft (R) Build Engine 17.2.1+52cd2da31 dla platformy .NET Framework
Copyright (C) Microsoft Corporation. Wszelkie prawa zastrzeżone.

  Microsoft (R) C/C++ wersja kompilatora optymalizującego 19.32.31332 dla x64
  CMakeCXXCompilerABI.cpp
  Copyright (C) Microsoft Corporation. Wszystkie prawa zastrzeżone.
  cl /c /I"C:\Users\PC\source\repos\vcpkg\installed\x64-windows\include" /Zi /W1 /WX- /diagnostics:column /Od /Ob0 /D _MBCS /D WIN32 /D _WINDOWS /D "CMAKE_INTDIR=\"Debug\"" /Gm- /EHsc /RTC1 /MDd /GS /fp:precise /Zc:wchar_t /Zc:forScope /Zc:inline /GR /Fo"cmTC_a2eef.dir\Debug\\" /Fd"cmTC_a2eef.dir\Debug\vc143.pdb" /external:W1 /Gd /TP /errorReport:queue "C:\Users\PC\source\repos\cmake\cmake-3.24.0-windows-x86_64\share\cmake-3.24\Modules\CMakeCXXCompilerABI.cpp"
  cmTC_a2eef.vcxproj -> C:\Users\PC\source\repos\openvdb\CMakeFiles\CMakeTmp\Debug\cmTC_a2eef.exe



